C51 COMPILER V9.01   LKT                                                                   04/06/2011 13:23:57 PAGE 1   


C51 COMPILER V9.01, COMPILATION OF MODULE LKT
OBJECT MODULE PLACED IN LKT.OBJ
COMPILER INVOKED BY: C:\Keil\C51\BIN\C51.EXE LKT.c BROWSE DEBUG OBJECTEXTEND

line level    source

   1          /*函数功能为：（1） 实现LKT加密芯片的复位 （2）实现获取八字节的随机数*/
   2          
   3          #include<reg51.h>
   4          
   5          #define uchar  unsigned  char
   6          #define uint   unsigned  int
   7          sbit    REST = P2^2;
   8          sbit    IO   = P2^0;
   9          
  10          uchar   buf[25];                                                                                //数据缓存区
  11          uchar   SendBuf[5]={0x00,0x84,0x00,0x00,0x10} ;                 //获取八字节随机数命令
  12          
  13          /*****************用于微调发送接收的时间**************/
  14          void Delay()                                            
  15          {
  16   1              uchar   i;
  17   1              for(i=0;i<3;i++);
  18   1      }       
  19                  
  20          /*********************发送接收一位的时间 etu=372/3.579 = 104us*************
  21          ***************因发送接收其它指令也要占用时间这里的     DelayEtu = 90us********/
  22          void Delay_100us()                                      
  23          {                                                                       
  24   1              uchar   i;
  25   1              for(i=0;i<28;i++);
  26   1      }
  27          
  28          /*****************上电发送复位请求******************/
  29          void Rest()                                                     
  30          {
  31   1              Delay() ;
  32   1              IO   = 1;                                       //必须为高等待接收LKT加密芯片发送的起始位
  33   1              REST = 0;
  34   1              Delay_100us();
  35   1              REST = 1; 
  36   1      } 
  37          
  38          /****************读取LTK4101的返回信息并将其存入数据缓存区****************/
  39          void ReceArt(char m)                       
  40          {
  41   1              uchar i,n;
  42   1              
  43   1              for(n=0;n<m;n++)
  44   1              {       
  45   2                      while(IO);
  46   2                      for(i=0;i<8;i++)                   //读一个字节函数 
  47   2                      {
  48   3                              Delay_100us();
  49   3                              buf[n] >>= 1;
  50   3                              if(1 == IO)
  51   3                                      buf[n] |= 0x80;
  52   3                      }
  53   2                      Delay_100us();
  54   2                      ACC = buf[n];                                                      
  55   2                      if(IO == P)                                 //判断偶校验位
C51 COMPILER V9.01   LKT                                                                   04/06/2011 13:23:57 PAGE 2   

  56   2                      {
  57   3                         Delay_100us();
  58   3                         Delay_100us();
  59   3                      }       
  60   2              }
  61   1      
  62   1      }
  63          
  64          /****************发送随机数命令信息***************/
  65          
  66          void SendChar()
  67          {
  68   1          uchar i,n,flag;
  69   1              
  70   1              for(n = 0 ;n<5 ; n++)
  71   1              {       
  72   2                      ACC  = SendBuf[n] ;
  73   2                      flag = P; 
  74   2                      IO  = 0;
  75   2                      for(i=0;i<8;i++)                           //发送一个字节
  76   2                      {
  77   3                              Delay_100us();
  78   3                              if(SendBuf[n] & 0x01)
  79   3                                      IO = 1;
  80   3                              else
  81   3                                      IO = 0;
  82   3                              SendBuf[n] >>=1;
  83   3                      }
  84   2                      Delay_100us();
  85   2                      IO = flag;                                         //发送保存的奇偶位
  86   2                      Delay_100us();  
  87   2                      IO = 1;                                            //发送停止位
  88   2                      Delay_100us();  
  89   2                      Delay_100us();                  
  90   2              }
  91   1      }        
  92          
  93          void main()
  94          {
  95   1              Rest(); 
  96   1              ReceArt(17);               //接收复位信息
  97   1              Delay_100us();
  98   1              SendChar()      ;
  99   1              ReceArt(19);              //接收随机数信息
 100   1              P0 = buf[17];
 101   1              while(1);
 102   1      }


MODULE INFORMATION:   STATIC OVERLAYABLE
   CODE SIZE        =    214    ----
   CONSTANT SIZE    =   ----    ----
   XDATA SIZE       =   ----    ----
   PDATA SIZE       =   ----    ----
   DATA SIZE        =     30       3
   IDATA SIZE       =   ----    ----
   BIT SIZE         =   ----    ----
END OF MODULE INFORMATION.


C51 COMPILATION COMPLETE.  0 WARNING(S),  0 ERROR(S)
