C51 COMPILER V9.01   UART_LKT                                                              05/27/2011 09:58:27 PAGE 1   


C51 COMPILER V9.01, COMPILATION OF MODULE UART_LKT
OBJECT MODULE PLACED IN UART_LKT.OBJ
COMPILER INVOKED BY: d:\Keil_ARM_51开发环境\C51\BIN\C51.EXE UART_LKT.c BROWSE DEBUG OBJECTEXTEND

line level    source

   1            /*函数功能为：（1） 实现LKT加密芯片的复位 （2）实现获取八字节的随机数
   2            *********************单片机晶振为11.0592MHZ，   加密芯片使用3.6864MHZ *******************************/
   3          #include<reg51.h>
   4          
   5          #define uchar  unsigned  char
   6          #define uint   unsigned  int
   7          
   8          uchar buf[25]=0;
   9          uchar Sendbuf[4]={0xFF,0x10,0x94,0x7B};                  //     发送高速通讯命令，该命令的通讯速度为（fosc/64）  
  10          uchar Sendbuf_1[5]={0x00,0x84,0x00,0x00,0x08};   //获取八字节随机数命令
  11          
  12          sbit    REST = P2^0;                                                     //复位脚
  13          
  14          void Delay()                                    
  15          {                                                                       
  16   1              uchar   i;
  17   1              for(i=0;i<26;i++);
  18   1      }                                               
  19          
  20          /*UART初始化函数：1起始位、8数据位、偶校验、2停止位 */
  21          void Uart_init()
  22          {
  23   1              TMOD = 0x20;                    // 定时器1工作于8位自动重载模式, 用于产生波特率
  24   1              TH1 = 0xFD;                             // 波特率9600
  25   1              TL1 = 0xFD;
  26   1              SCON = 0xD0;                    // 设定串行口工作方式
  27   1              PCON &= 0xef;                   // 波特率不倍增 
  28   1              TR1 = 1;                                // 启动定时器1
  29   1              IE = 0x0;                               // 禁止任何中断
  30   1      }
  31          
  32          /*9600Kbps下的接收函数*/
  33          void Rest()                                                     
  34          {
  35   1              REST = 0;
  36   1              Delay();
  37   1              REST = 1; 
  38   1      }
  39                  
  40          /*57600Kbps下的接收函数*/
  41          void Rece(uchar m)
  42          {
  43   1                 uchar i;
  44   1                 for(i=0; i<m;i++)
  45   1                 {
  46   2                              while(!RI);                     // 是否有数据到来                               
  47   2                              buf[i] = SBUF;          // 暂存接收到的数据                     
  48   2                              RI = 0; 
  49   2                      }
  50   1      
  51   1      }
  52          /*9600Kbps下的发送函数*/
  53          
  54          void Send()
  55          {
C51 COMPILER V9.01   UART_LKT                                                              05/27/2011 09:58:27 PAGE 2   

  56   1              uchar i;
  57   1              for(i=0;i<4;i++)
  58   1              {
  59   2                      ACC  = Sendbuf[i];
  60   2                      TB8  = P;                               //将奇偶校验位放在TB8
  61   2                      SBUF = Sendbuf[i];
  62   2                      while(!TI);                             // 是否数据传送完成
  63   2                      TI = 0;
  64   2                      Delay();                                //延时1个etu 因为51单片机只能发送1个停止位，
  65   2                                                                      //所以加一个延时延长停止为时间
  66   2              }
  67   1      
  68   1      }
  69          
  70          /*57600Kbps下的发送函数*/
  71          
  72          void Send_1()
  73          {
  74   1              uchar i,sec;
  75   1              for(i=0;i<5;i++)
  76   1              {
  77   2                      ACC  = Sendbuf_1[i];
  78   2                      TB8  = P;                                //将奇偶校验位放在TB8
  79   2                      SBUF = Sendbuf_1[i];
  80   2                      while(!TI);
  81   2                      TI = 0;                                   //延时1个etu 因为51单片机只能发送1个停止位，
  82   2                      for(sec=0;sec<4;sec++);   //所以加一个延时延长停止为时间                
  83   2              }
  84   1      
  85   1      }       
  86          
  87          void main()
  88          {       
  89   1              Uart_init();                     //UART初始化
  90   1              Rest();                                  //复位加密芯片
  91   1              Rece(17);                                //接收复位信息
  92   1              Delay();
  93   1      
  94   1              Send();                                  //发送高速命令
  95   1              Rece(4);                                 //提速成功的话芯片返回的数据和发送命令相同
  96   1      
  97   1              Delay();
  98   1              TL1 = 0xFF;                              //设置57600kbps的初值
  99   1              TH1 = 0xFF;                     
 100   1              PCON |= (1<<7);                 // 波特率倍增来达到57600kbps
 101   1              
 102   1                                      
 103   1              Send_1();                                //以57600kbps发送获取随机数命令
 104   1              Rece(11);                                //接收返回数据（84 + 8字节随机数 + 90 00）
 105   1              while(1);        
 106   1      }


MODULE INFORMATION:   STATIC OVERLAYABLE
   CODE SIZE        =    157    ----
   CONSTANT SIZE    =   ----    ----
   XDATA SIZE       =   ----    ----
   PDATA SIZE       =   ----    ----
   DATA SIZE        =     34    ----
   IDATA SIZE       =   ----    ----
   BIT SIZE         =   ----    ----
END OF MODULE INFORMATION.

C51 COMPILER V9.01   UART_LKT                                                              05/27/2011 09:58:27 PAGE 3   


C51 COMPILATION COMPLETE.  0 WARNING(S),  0 ERROR(S)
